[0m20:08:06.500255 [debug] [MainThread]: Sending event: {'category': 'dbt', 'action': 'invocation', 'label': 'start', 'context': [<snowplow_tracker.self_describing_json.SelfDescribingJson object at 0x00000178BBA37310>, <snowplow_tracker.self_describing_json.SelfDescribingJson object at 0x00000178BDA083D0>, <snowplow_tracker.self_describing_json.SelfDescribingJson object at 0x00000178BDA081C0>]}


============================== 20:08:06.530247 | 51716cea-ca7e-4532-b617-35238f063063 ==============================
[0m20:08:06.530247 [info ] [MainThread]: Running with dbt=1.11.0-rc3
[0m20:08:06.532247 [debug] [MainThread]: running dbt with arguments {'static_parser': 'True', 'no_print': 'None', 'version_check': 'True', 'target_path': 'None', 'warn_error_options': 'WarnErrorOptionsV2(error=[], warn=[], silence=[])', 'printer_width': '80', 'write_json': 'True', 'empty': 'None', 'log_cache_events': 'False', 'introspect': 'True', 'cache_selected_only': 'False', 'fail_fast': 'False', 'debug': 'False', 'log_format': 'default', 'profiles_dir': 'C:\\Users\\Irene\\.dbt', 'send_anonymous_usage_stats': 'True', 'quiet': 'False', 'warn_error': 'None', 'partial_parse': 'True', 'indirect_selection': 'eager', 'use_colors': 'True', 'invocation_command': 'dbt init finance_project', 'use_experimental_parser': 'False', 'log_path': 'logs'}
[0m20:08:06.751342 [info ] [MainThread]: Creating dbt configuration folder at C:\Users\Irene\.dbt
[0m20:08:06.763336 [debug] [MainThread]: Starter project path: C:\Users\Irene\data-study\Projects\project_finance\venv\lib\site-packages\dbt\include\starter_project
[0m20:08:06.850222 [info ] [MainThread]: 
Your new dbt project "finance_project" was created!

For more information on how to configure the profiles.yml file,
please consult the dbt documentation here:

  https://docs.getdbt.com/docs/configure-your-profile

One more thing:

Need help? Don't hesitate to reach out to us via GitHub issues or on Slack:

  https://community.getdbt.com/

Happy modeling!

[0m20:08:06.851208 [info ] [MainThread]: Setting up your profile.
[0m20:09:08.501220 [debug] [MainThread]: Spark adapter: Setting pyhive.hive logging to ERROR
[0m20:09:08.501220 [debug] [MainThread]: Spark adapter: Setting thrift.transport logging to ERROR
[0m20:09:08.502220 [debug] [MainThread]: Spark adapter: Setting thrift.protocol logging to ERROR
[0m20:23:43.316993 [info ] [MainThread]: Profile finance_project written to C:\Users\Irene\.dbt\profiles.yml using target's profile_template.yml and your supplied values. Run 'dbt debug' to validate the connection.
[0m20:23:43.319489 [debug] [MainThread]: Command `dbt init` succeeded at 20:23:43.319489 after 936.93 seconds
[0m20:23:43.321987 [debug] [MainThread]: Sending event: {'category': 'dbt', 'action': 'invocation', 'label': 'end', 'context': [<snowplow_tracker.self_describing_json.SelfDescribingJson object at 0x00000178BBA37310>, <snowplow_tracker.self_describing_json.SelfDescribingJson object at 0x00000178BDA04F10>, <snowplow_tracker.self_describing_json.SelfDescribingJson object at 0x00000178BDA08310>]}
[0m20:23:43.322994 [debug] [MainThread]: Flushing usage events
[0m20:23:43.980515 [debug] [MainThread]: An error was encountered while trying to flush usage events
[0m20:24:24.222814 [debug] [MainThread]: Sending event: {'category': 'dbt', 'action': 'invocation', 'label': 'start', 'context': [<snowplow_tracker.self_describing_json.SelfDescribingJson object at 0x000002587BC4F370>, <snowplow_tracker.self_describing_json.SelfDescribingJson object at 0x000002587CC34400>, <snowplow_tracker.self_describing_json.SelfDescribingJson object at 0x000002587CC34190>]}


============================== 20:24:24.228817 | 3d3b354d-1c4d-4766-b64a-5ad00d1a5ec9 ==============================
[0m20:24:24.228817 [info ] [MainThread]: Running with dbt=1.11.0-rc3
[0m20:24:24.229825 [debug] [MainThread]: running dbt with arguments {'version_check': 'True', 'no_print': 'None', 'static_parser': 'True', 'warn_error_options': 'WarnErrorOptionsV2(error=[], warn=[], silence=[])', 'target_path': 'None', 'printer_width': '80', 'write_json': 'True', 'introspect': 'True', 'log_cache_events': 'False', 'empty': 'None', 'cache_selected_only': 'False', 'log_format': 'default', 'debug': 'False', 'fail_fast': 'False', 'profiles_dir': 'C:\\Users\\Irene\\.dbt', 'send_anonymous_usage_stats': 'True', 'quiet': 'False', 'warn_error': 'None', 'partial_parse': 'True', 'indirect_selection': 'eager', 'use_colors': 'True', 'invocation_command': 'dbt debug', 'use_experimental_parser': 'False', 'log_path': 'logs'}
[0m20:24:24.278818 [info ] [MainThread]: dbt version: 1.11.0-rc3
[0m20:24:24.279816 [info ] [MainThread]: python version: 3.10.11
[0m20:24:24.279816 [info ] [MainThread]: python path: C:\Users\Irene\data-study\Projects\project_finance\venv\Scripts\python.exe
[0m20:24:24.280827 [info ] [MainThread]: os info: Windows-10-10.0.26200-SP0
[0m20:24:25.092576 [debug] [MainThread]: Spark adapter: Setting pyhive.hive logging to ERROR
[0m20:24:25.092576 [debug] [MainThread]: Spark adapter: Setting thrift.transport logging to ERROR
[0m20:24:25.093575 [debug] [MainThread]: Spark adapter: Setting thrift.protocol logging to ERROR
[0m20:24:25.918449 [info ] [MainThread]: Using profiles dir at C:\Users\Irene\.dbt
[0m20:24:25.919451 [info ] [MainThread]: Using profiles.yml file at C:\Users\Irene\.dbt\profiles.yml
[0m20:24:25.920438 [info ] [MainThread]: Using dbt_project.yml file at C:\Users\Irene\data-study\Projects\project_finance\dbt_project.yml
[0m20:24:25.921438 [info ] [MainThread]: adapter type: databricks
[0m20:24:25.922438 [info ] [MainThread]: adapter version: 1.11.3
[0m20:24:25.923443 [info ] [MainThread]: Configuration:
[0m20:24:25.924439 [info ] [MainThread]:   profiles.yml file [[32mOK found and valid[0m]
[0m20:24:25.924439 [info ] [MainThread]:   dbt_project.yml file [[31mERROR not found[0m]
[0m20:24:25.925443 [info ] [MainThread]: Required dependencies:
[0m20:24:25.926439 [debug] [MainThread]: Executing "git --help"
[0m20:24:25.997793 [debug] [MainThread]: STDOUT: "b"usage: git [-v | --version] [-h | --help] [-C <path>] [-c <name>=<value>]\n           [--exec-path[=<path>]] [--html-path] [--man-path] [--info-path]\n           [-p | --paginate | -P | --no-pager] [--no-replace-objects] [--no-lazy-fetch]\n           [--no-optional-locks] [--no-advice] [--bare] [--git-dir=<path>]\n           [--work-tree=<path>] [--namespace=<name>] [--config-env=<name>=<envvar>]\n           <command> [<args>]\n\nThese are common Git commands used in various situations:\n\nstart a working area (see also: git help tutorial)\n   clone      Clone a repository into a new directory\n   init       Create an empty Git repository or reinitialize an existing one\n\nwork on the current change (see also: git help everyday)\n   add        Add file contents to the index\n   mv         Move or rename a file, a directory, or a symlink\n   restore    Restore working tree files\n   rm         Remove files from the working tree and from the index\n\nexamine the history and state (see also: git help revisions)\n   bisect     Use binary search to find the commit that introduced a bug\n   diff       Show changes between commits, commit and working tree, etc\n   grep       Print lines matching a pattern\n   log        Show commit logs\n   show       Show various types of objects\n   status     Show the working tree status\n\ngrow, mark and tweak your common history\n   backfill   Download missing objects in a partial clone\n   branch     List, create, or delete branches\n   commit     Record changes to the repository\n   merge      Join two or more development histories together\n   rebase     Reapply commits on top of another base tip\n   reset      Reset current HEAD to the specified state\n   switch     Switch branches\n   tag        Create, list, delete or verify a tag object signed with GPG\n\ncollaborate (see also: git help workflows)\n   fetch      Download objects and refs from another repository\n   pull       Fetch from and integrate with another repository or a local branch\n   push       Update remote refs along with associated objects\n\n'git help -a' and 'git help -g' list available subcommands and some\nconcept guides. See 'git help <command>' or 'git help <concept>'\nto read about a specific subcommand or concept.\nSee 'git help git' for an overview of the system.\n""
[0m20:24:25.998801 [debug] [MainThread]: STDERR: "b''"
[0m20:24:25.999802 [info ] [MainThread]:  - git [[32mOK found[0m]

[0m20:24:25.999802 [info ] [MainThread]: Connection:
[0m20:24:26.000800 [info ] [MainThread]:   host: dbc-34411e90-1560.cloud.databricks.com
[0m20:24:26.001792 [info ] [MainThread]:   http_path: /sql/1.0/warehouses/4ad05d3cf7284a30
[0m20:24:26.001792 [info ] [MainThread]:   catalog: fintech_ops
[0m20:24:26.002791 [info ] [MainThread]:   schema: bronze
[0m20:24:26.004804 [info ] [MainThread]: Registered adapter: databricks=1.11.3
[0m20:24:26.488919 [warn ] [MainThread]: [[33mWARNING[0m]: Use managed Iceberg tables when table_format is iceberg. When this flag is disabled, UniForm is used instead.
You may opt into the new behavior sooner by setting `flags.use_managed_iceberg` to `True` in `dbt_project.yml`.
Visit https://docs.getdbt.com/reference/global-configs/behavior-changes for more information.
[0m20:24:26.490879 [debug] [MainThread]: Sending event: {'category': 'dbt', 'action': 'BehaviorChangeEvent', 'label': '3d3b354d-1c4d-4766-b64a-5ad00d1a5ec9', 'context': [<snowplow_tracker.self_describing_json.SelfDescribingJson object at 0x0000025881E202B0>]}
[0m20:24:26.491984 [debug] [MainThread]: Databricks adapter: DatabricksDBTConnection(session-id=None, name=debug) - Creating connection
[0m20:24:26.491984 [debug] [MainThread]: Acquiring new databricks connection 'debug'
[0m20:24:26.492848 [debug] [MainThread]: Using databricks connection "debug"
[0m20:24:26.493849 [debug] [MainThread]: On debug: select 1 as id
[0m20:24:26.494952 [debug] [MainThread]: Opening a new connection, currently in state init
[0m20:24:26.996942 [error] [MainThread]: databricks-sql-connector adapter: ThriftBackend.attempt_request: Exception: %s
[0m20:24:27.030457 [error] [MainThread]: Databricks adapter: Connection(session-id=Unknown) - Exception while trying to create connection: Error during request to server: : Credential was not sent or was of an unsupported type for this API.. 
Error properties: attempt=1/30, bounded-retry-delay=None, elapsed-seconds=0.4569988250732422/900.0, error-message=: Credential was not sent or was of an unsupported type for this API., http-code=401, method=OpenSession, no-retry-reason=non-retryable error, original-exception=, query-id=None, session-id=None
[0m20:24:27.032455 [debug] [MainThread]: Databricks adapter: Exception while trying to execute query
select 1 as id
: Database Error
  Error during request to server: : Credential was not sent or was of an unsupported type for this API.. 
[0m20:24:27.033455 [debug] [MainThread]: On debug: No close available on handle
[0m20:24:27.035454 [info ] [MainThread]:   Connection test: [[31mERROR[0m]

[0m20:24:27.037455 [info ] [MainThread]: [31m2 checks failed:[0m
[0m20:24:27.038454 [info ] [MainThread]: Project loading failed for the following reason:
 project path <C:\Users\Irene\data-study\Projects\project_finance\dbt_project.yml> not found

[0m20:24:27.040457 [info ] [MainThread]: dbt was unable to connect to the specified database.
The database returned the following error:

  >Database Error
  Database Error
    Error during request to server: : Credential was not sent or was of an unsupported type for this API.. 

Check your database credentials and try again. For more information, visit:
https://docs.getdbt.com/docs/configure-your-profile


[0m20:24:27.043591 [debug] [MainThread]: Command `dbt debug` failed at 20:24:27.042583 after 2.93 seconds
[0m20:24:27.044591 [debug] [MainThread]: Sending event: {'category': 'dbt', 'action': 'invocation', 'label': 'end', 'context': [<snowplow_tracker.self_describing_json.SelfDescribingJson object at 0x000002587BC4F370>, <snowplow_tracker.self_describing_json.SelfDescribingJson object at 0x0000025881E235B0>, <snowplow_tracker.self_describing_json.SelfDescribingJson object at 0x0000025881E206A0>]}
[0m20:24:27.045590 [debug] [MainThread]: Flushing usage events
[0m20:24:27.482418 [debug] [MainThread]: An error was encountered while trying to flush usage events
